<?xml version="1.0" encoding="UTF-8"?>
<!-- Generated by org.testng.reporters.JUnitReportReporter -->
<testsuite skipped="0" hostname="chengzi" name="com.webtest.demo.Admin_Login" tests="1" failures="0" timestamp="2020-11-26T09:06:01 CST" time="5.894" errors="0">
  <testcase name="testLogin" time="5.894" classname="com.webtest.demo.Admin_Login"/>
  <system-out/>
</testsuite> <!-- com.webtest.demo.Admin_Login -->
