<?xml version="1.0" encoding="UTF-8"?>
<!-- Generated by org.testng.reporters.JUnitReportReporter -->
<testsuite skipped="0" hostname="chengzi" name="com.webtest.demo.DatabaseBackup" tests="2" failures="0" timestamp="2020-11-26T10:33:35 CST" time="15.397" errors="0">
  <testcase name="Demo1" time="10.293" classname="com.webtest.demo.DatabaseBackup"/>
  <system-out/>
  <testcase name="Demo2" time="5.104" classname="com.webtest.demo.DatabaseBackup"/>
  <system-out/>
</testsuite> <!-- com.webtest.demo.DatabaseBackup -->
