<?xml version="1.0" encoding="UTF-8"?>
<!-- Generated by org.testng.reporters.JUnitReportReporter -->
<testsuite skipped="0" hostname="LAPTOP-UUTKFR9P" name="com.webtest.demo.UserSet" tests="1" failures="0" timestamp="2020-11-30T14:49:26 CST" time="12.969" errors="0">
  <testcase name="demo1" time="12.969" classname="com.webtest.demo.UserSet"/>
  <system-out/>
</testsuite> <!-- com.webtest.demo.UserSet -->
