<?xml version="1.0" encoding="UTF-8"?>
<!-- Generated by org.testng.reporters.JUnitReportReporter -->
<testsuite skipped="0" hostname="LAPTOP-UUTKFR9P" name="com.webtest.demo.AreaSet" tests="2" failures="0" timestamp="2020-11-22T18:22:36 CST" time="49.976" errors="0">
  <testcase name="demo6" time="28.126" classname="com.webtest.demo.AreaSet"/>
  <system-out/>
  <testcase name="demo4" time="21.850" classname="com.webtest.demo.AreaSet"/>
  <system-out/>
</testsuite> <!-- com.webtest.demo.AreaSet -->
