<?xml version="1.0" encoding="UTF-8"?>
<!-- Generated by org.testng.reporters.JUnitReportReporter -->
<testsuite skipped="0" hostname="LAPTOP-UUTKFR9P" name="com.webtest.demo.AdminSet" tests="4" failures="0" timestamp="2020-11-30T14:16:30 CST" time="28.279" errors="0">
  <testcase name="demo2" time="5.367" classname="com.webtest.demo.AdminSet"/>
  <system-out/>
  <testcase name="demo1" time="8.720" classname="com.webtest.demo.AdminSet"/>
  <system-out/>
  <testcase name="demo5" time="8.889" classname="com.webtest.demo.AdminSet"/>
  <system-out/>
  <testcase name="demo3" time="5.303" classname="com.webtest.demo.AdminSet"/>
  <system-out/>
</testsuite> <!-- com.webtest.demo.AdminSet -->
