<?xml version="1.0" encoding="UTF-8"?>
<!-- Generated by org.testng.reporters.JUnitReportReporter -->
<testsuite skipped="0" hostname="LAPTOP-UUTKFR9P" name="com.webtest.demo.ServiceSet" tests="1" failures="0" timestamp="2020-11-30T14:53:50 CST" time="20.896" errors="0">
  <testcase name="demo5" time="20.896" classname="com.webtest.demo.ServiceSet"/>
  <system-out/>
</testsuite> <!-- com.webtest.demo.ServiceSet -->
