<?xml version="1.0" encoding="UTF-8"?>
<!-- Generated by org.testng.reporters.JUnitReportReporter -->
<testsuite skipped="0" hostname="LAPTOP-UUTKFR9P" name="com.webtest.demo.AreaSet" tests="1" failures="0" timestamp="2020-11-30T14:09:04 CST" time="15.092" errors="0">
  <testcase name="demo2" time="15.092" classname="com.webtest.demo.AreaSet"/>
  <system-out/>
</testsuite> <!-- com.webtest.demo.AreaSet -->
