<?xml version="1.0" encoding="UTF-8"?>
<!-- Generated by org.testng.reporters.JUnitReportReporter -->
<testsuite skipped="0" hostname="LAPTOP-UUTKFR9P" name="com.webtest.demo.Admin_Login" tests="1" failures="0" timestamp="2020-11-16T11:09:11 CST" time="9.364" errors="0">
  <testcase name="adminLogin" time="9.364" classname="com.webtest.demo.Admin_Login"/>
  <system-out/>
</testsuite> <!-- com.webtest.demo.Admin_Login -->
