<?xml version="1.0" encoding="UTF-8"?>
<!-- Generated by org.testng.reporters.JUnitReportReporter -->
<testsuite skipped="0" hostname="LAPTOP-UUTKFR9P" name="com.webtest.dataprovider.NSDataProvider" tests="1" failures="0" timestamp="2020-11-30T10:29:47 CST" time="0.006" errors="0">
  <testcase name="testDB" time="0.006" classname="com.webtest.dataprovider.NSDataProvider"/>
  <system-out/>
</testsuite> <!-- com.webtest.dataprovider.NSDataProvider -->
