<?xml version="1.0" encoding="UTF-8"?>
<!-- Generated by org.testng.reporters.JUnitReportReporter -->
<testsuite skipped="0" hostname="LAPTOP-UUTKFR9P" name="com.webtest.demo.BaseInformation" tests="1" failures="0" timestamp="2020-11-30T10:52:57 CST" time="12.736" errors="0">
  <testcase name="demo1" time="12.736" classname="com.webtest.demo.BaseInformation"/>
  <system-out/>
</testsuite> <!-- com.webtest.demo.BaseInformation -->
