<?xml version="1.0" encoding="UTF-8"?>
<!-- Generated by org.testng.reporters.JUnitReportReporter -->
<testsuite skipped="0" hostname="LAPTOP-UUTKFR9P" name="com.webtest.demo.BaseInformation" tests="1" failures="0" timestamp="2020-11-23T14:12:33 CST" time="57.040" errors="0">
  <testcase name="demo9" time="57.040" classname="com.webtest.demo.BaseInformation"/>
  <system-out/>
</testsuite> <!-- com.webtest.demo.BaseInformation -->
