<?xml version="1.0" encoding="UTF-8"?>
<!-- Generated by org.testng.reporters.JUnitReportReporter -->
<testsuite skipped="0" hostname="LAPTOP-UUTKFR9P" name="com.webtest.demo.DeliverySet" tests="2" failures="0" timestamp="2020-11-30T12:02:51 CST" time="17.292" errors="0">
  <testcase name="demo3" time="3.758" classname="com.webtest.demo.DeliverySet"/>
  <system-out/>
  <testcase name="demo2" time="13.534" classname="com.webtest.demo.DeliverySet"/>
  <system-out/>
</testsuite> <!-- com.webtest.demo.DeliverySet -->
