<?xml version="1.0" encoding="UTF-8"?>
<!-- Generated by org.testng.reporters.JUnitReportReporter -->
<testsuite skipped="0" hostname="LAPTOP-UUTKFR9P" name="com.webtest.demo.AreaSet" tests="2" failures="0" timestamp="2020-11-23T12:07:07 CST" time="83.067" errors="0">
  <testcase name="demo4" time="38.626" classname="com.webtest.demo.AreaSet"/>
  <system-out/>
  <testcase name="demo6" time="44.441" classname="com.webtest.demo.AreaSet"/>
  <system-out/>
</testsuite> <!-- com.webtest.demo.AreaSet -->
