<?xml version="1.0" encoding="UTF-8"?>
<!-- Generated by org.testng.reporters.JUnitReportReporter -->
<testsuite skipped="0" hostname="LAPTOP-UUTKFR9P" name="com.webtest.demo.MoneySet" tests="1" failures="0" timestamp="2020-11-23T12:07:07 CST" time="39.982" errors="0">
  <testcase name="demo2" time="39.982" classname="com.webtest.demo.MoneySet"/>
  <system-out/>
</testsuite> <!-- com.webtest.demo.MoneySet -->
