<?xml version="1.0" encoding="UTF-8"?>
<!-- Generated by org.testng.reporters.JUnitReportReporter -->
<testsuite skipped="0" hostname="LAPTOP-UUTKFR9P" name="com.webtest.demo.DeliverySet" tests="3" failures="0" timestamp="2020-11-23T12:07:07 CST" time="136.210" errors="0">
  <testcase name="demo2" time="36.576" classname="com.webtest.demo.DeliverySet"/>
  <system-out/>
  <testcase name="demo3" time="28.941" classname="com.webtest.demo.DeliverySet"/>
  <system-out/>
  <testcase name="demo1" time="70.693" classname="com.webtest.demo.DeliverySet"/>
  <system-out/>
</testsuite> <!-- com.webtest.demo.DeliverySet -->
