<?xml version="1.0" encoding="UTF-8"?>
<!-- Generated by org.testng.reporters.JUnitReportReporter -->
<testsuite hostname="LAPTOP-5BQ8UDAV" failures="0" tests="2" name="com.webtest.demo.Admin_SystemManagement_AreaSet" time="51.524" errors="0" timestamp="2020-11-27T14:38:06 CST" skipped="0">
  <testcase classname="com.webtest.demo.Admin_SystemManagement_AreaSet" name="demo6" time="28.769"/>
  <system-out/>
  <testcase classname="com.webtest.demo.Admin_SystemManagement_AreaSet" name="demo4" time="22.755"/>
  <system-out/>
</testsuite> <!-- com.webtest.demo.Admin_SystemManagement_AreaSet -->
