<?xml version="1.0" encoding="UTF-8"?>
<!-- Generated by org.testng.reporters.JUnitReportReporter -->
<testsuite hostname="LAPTOP-5BQ8UDAV" failures="0" tests="32" name="com.webtest.demo.Admin_Front_UserCenter" time="0.000" errors="1" timestamp="2020-11-27T15:36:23 CST" skipped="31">
  <testcase classname="com.webtest.demo.Admin_Front_UserCenter" name="test1" time="0.000">
    <skipped/>
  </testcase> <!-- test1 -->
  <system-out/>
  <testcase classname="com.webtest.demo.Admin_Front_UserCenter" name="test_collection_delete" time="0.000">
    <skipped/>
  </testcase> <!-- test_collection_delete -->
  <system-out/>
  <testcase classname="com.webtest.demo.Admin_Front_UserCenter" name="test_draw_money" time="0.000">
    <skipped/>
  </testcase> <!-- test_draw_money -->
  <system-out/>
  <testcase classname="com.webtest.demo.Admin_Front_UserCenter" name="test_buy_again4" time="0.000">
    <skipped/>
  </testcase> <!-- test_buy_again4 -->
  <system-out/>
  <testcase classname="com.webtest.demo.Admin_Front_UserCenter" name="test_ask" time="0.000">
    <skipped/>
  </testcase> <!-- test_ask -->
  <system-out/>
  <testcase classname="com.webtest.demo.Admin_Front_UserCenter" name="login" time="0.000">
    <error type="java.lang.NullPointerException">
      <![CDATA[java.lang.NullPointerException
at com.webtest.demo.Admin_Front_UserCenter.login(Admin_Front_UserCenter.java:23)
at java.base/jdk.internal.reflect.NativeMethodAccessorImpl.invoke0(Native Method)
at java.base/jdk.internal.reflect.NativeMethodAccessorImpl.invoke(NativeMethodAccessorImpl.java:62)
at java.base/jdk.internal.reflect.DelegatingMethodAccessorImpl.invoke(DelegatingMethodAccessorImpl.java:43)
at java.base/java.lang.reflect.Method.invoke(Method.java:567)
at org.testng.internal.MethodInvocationHelper.invokeMethod(MethodInvocationHelper.java:132)
at org.testng.internal.MethodInvocationHelper.invokeMethodConsideringTimeout(MethodInvocationHelper.java:61)
at org.testng.internal.ConfigInvoker.invokeConfigurationMethod(ConfigInvoker.java:366)
at org.testng.internal.ConfigInvoker.invokeConfigurations(ConfigInvoker.java:320)
at org.testng.internal.TestMethodWorker.invokeBeforeClassMethods(TestMethodWorker.java:176)
at org.testng.internal.TestMethodWorker.run(TestMethodWorker.java:122)
at java.base/java.util.ArrayList.forEach(ArrayList.java:1540)
at org.testng.TestRunner.privateRun(TestRunner.java:764)
at org.testng.TestRunner.run(TestRunner.java:585)
at org.testng.SuiteRunner.runTest(SuiteRunner.java:384)
at org.testng.SuiteRunner.runSequentially(SuiteRunner.java:378)
at org.testng.SuiteRunner.privateRun(SuiteRunner.java:337)
at org.testng.SuiteRunner.run(SuiteRunner.java:286)
at org.testng.SuiteRunnerWorker.runSuite(SuiteRunnerWorker.java:53)
at org.testng.SuiteRunnerWorker.run(SuiteRunnerWorker.java:96)
at org.testng.TestNG.runSuitesSequentially(TestNG.java:1218)
at org.testng.TestNG.runSuitesLocally(TestNG.java:1140)
at org.testng.TestNG.runSuites(TestNG.java:1069)
at org.testng.TestNG.run(TestNG.java:1037)
at org.testng.remote.AbstractRemoteTestNG.run(AbstractRemoteTestNG.java:115)
at org.testng.remote.RemoteTestNG.initAndRun(RemoteTestNG.java:251)
at org.testng.remote.RemoteTestNG.main(RemoteTestNG.java:77)
]]>
    </error>
  </testcase> <!-- login -->
  <system-out/>
  <testcase classname="com.webtest.demo.Admin_Front_UserCenter" name="test_cancel" time="0.000">
    <skipped/>
  </testcase> <!-- test_cancel -->
  <system-out/>
  <testcase classname="com.webtest.demo.Admin_Front_UserCenter" name="test_buy_again1" time="0.000">
    <skipped/>
  </testcase> <!-- test_buy_again1 -->
  <system-out/>
  <testcase classname="com.webtest.demo.Admin_Front_UserCenter" name="test_search" time="0.000">
    <skipped/>
  </testcase> <!-- test_search -->
  <system-out/>
  <testcase classname="com.webtest.demo.Admin_Front_UserCenter" name="test_add_address" time="0.000">
    <skipped/>
  </testcase> <!-- test_add_address -->
  <system-out/>
  <testcase classname="com.webtest.demo.Admin_Front_UserCenter" name="test_delete1" time="0.000">
    <skipped/>
  </testcase> <!-- test_delete1 -->
  <system-out/>
  <testcase classname="com.webtest.demo.Admin_Front_UserCenter" name="test_update_info" time="0.000">
    <skipped/>
  </testcase> <!-- test_update_info -->
  <system-out/>
  <testcase classname="com.webtest.demo.Admin_Front_UserCenter" name="test_delete_address" time="0.000">
    <skipped/>
  </testcase> <!-- test_delete_address -->
  <system-out/>
  <testcase classname="com.webtest.demo.Admin_Front_UserCenter" name="test_buy_again8" time="0.000">
    <skipped/>
  </testcase> <!-- test_buy_again8 -->
  <system-out/>
  <testcase classname="com.webtest.demo.Admin_Front_UserCenter" name="test_update_pwd" time="0.000">
    <skipped/>
  </testcase> <!-- test_update_pwd -->
  <system-out/>
  <testcase classname="com.webtest.demo.Admin_Front_UserCenter" name="test_out" time="0.000">
    <skipped/>
  </testcase> <!-- test_out -->
  <system-out/>
  <testcase classname="com.webtest.demo.Admin_Front_UserCenter" name="test_pay" time="0.000">
    <skipped/>
  </testcase> <!-- test_pay -->
  <system-out/>
  <testcase classname="com.webtest.demo.Admin_Front_UserCenter" name="test_buy_again7" time="0.000">
    <skipped/>
  </testcase> <!-- test_buy_again7 -->
  <system-out/>
  <testcase classname="com.webtest.demo.Admin_Front_UserCenter" name="test_back" time="0.000">
    <skipped/>
  </testcase> <!-- test_back -->
  <system-out/>
  <testcase classname="com.webtest.demo.Admin_Front_UserCenter" name="test_buy_again2" time="0.000">
    <skipped/>
  </testcase> <!-- test_buy_again2 -->
  <system-out/>
  <testcase classname="com.webtest.demo.Admin_Front_UserCenter" name="test_add_address" time="0.000">
    <skipped/>
  </testcase> <!-- test_add_address -->
  <system-out/>
  <testcase classname="com.webtest.demo.Admin_Front_UserCenter" name="test_cancel2" time="0.000">
    <skipped/>
  </testcase> <!-- test_cancel2 -->
  <system-out/>
  <testcase classname="com.webtest.demo.Admin_Front_UserCenter" name="test_pingjia" time="0.000">
    <skipped/>
  </testcase> <!-- test_pingjia -->
  <system-out/>
  <testcase classname="com.webtest.demo.Admin_Front_UserCenter" name="test_delete_back" time="0.000">
    <skipped/>
  </testcase> <!-- test_delete_back -->
  <system-out/>
  <testcase classname="com.webtest.demo.Admin_Front_UserCenter" name="test_buy_again5" time="0.000">
    <skipped/>
  </testcase> <!-- test_buy_again5 -->
  <system-out/>
  <testcase classname="com.webtest.demo.Admin_Front_UserCenter" name="test_money_search" time="0.000">
    <skipped/>
  </testcase> <!-- test_money_search -->
  <system-out/>
  <testcase classname="com.webtest.demo.Admin_Front_UserCenter" name="test_buy_again3" time="0.000">
    <skipped/>
  </testcase> <!-- test_buy_again3 -->
  <system-out/>
  <testcase classname="com.webtest.demo.Admin_Front_UserCenter" name="test_delete2" time="0.000">
    <skipped/>
  </testcase> <!-- test_delete2 -->
  <system-out/>
  <testcase classname="com.webtest.demo.Admin_Front_UserCenter" name="test_back" time="0.000">
    <skipped/>
  </testcase> <!-- test_back -->
  <system-out/>
  <testcase classname="com.webtest.demo.Admin_Front_UserCenter" name="test_buy_again6" time="0.000">
    <skipped/>
  </testcase> <!-- test_buy_again6 -->
  <system-out/>
  <testcase classname="com.webtest.demo.Admin_Front_UserCenter" name="test_ok" time="0.000">
    <skipped/>
  </testcase> <!-- test_ok -->
  <system-out/>
  <testcase classname="com.webtest.demo.Admin_Front_UserCenter" name="test_update_address" time="0.000">
    <skipped/>
  </testcase> <!-- test_update_address -->
  <system-out/>
</testsuite> <!-- com.webtest.demo.Admin_Front_UserCenter -->
