<?xml version="1.0" encoding="UTF-8"?>
<!-- Generated by org.testng.reporters.JUnitReportReporter -->
<testsuite hostname="LAPTOP-5BQ8UDAV" failures="0" tests="4" name="com.webtest.demo.Admin_SystemManagement_MoneySet" time="101.085" errors="0" timestamp="2020-11-27T14:38:07 CST" skipped="0">
  <testcase classname="com.webtest.demo.Admin_SystemManagement_MoneySet" name="demo2" time="22.132"/>
  <system-out/>
  <testcase classname="com.webtest.demo.Admin_SystemManagement_MoneySet" name="demo4" time="22.215"/>
  <system-out/>
  <testcase classname="com.webtest.demo.Admin_SystemManagement_MoneySet" name="demo3" time="22.216"/>
  <system-out/>
  <testcase classname="com.webtest.demo.Admin_SystemManagement_MoneySet" name="demo1" time="34.522"/>
  <system-out/>
</testsuite> <!-- com.webtest.demo.Admin_SystemManagement_MoneySet -->
