<?xml version="1.0" encoding="UTF-8"?>
<!-- Generated by org.testng.reporters.JUnitReportReporter -->
<testsuite skipped="0" hostname="LAPTOP-0H2UAF0N" name="com.webtest.demo.demo" tests="3" failures="0" timestamp="2020-11-20T17:21:21 CST" time="0.008" errors="0">
  <testcase name="test" time="0.001" classname="com.webtest.demo.demo"/>
  <system-out/>
  <testcase name="test" time="0.001" classname="com.webtest.demo.demo"/>
  <system-out/>
  <testcase name="test" time="0.006" classname="com.webtest.demo.demo"/>
  <system-out/>
</testsuite> <!-- com.webtest.demo.demo -->
