<?xml version="1.0" encoding="UTF-8"?>
<!-- Generated by org.testng.reporters.JUnitReportReporter -->
<testsuite skipped="0" hostname="LAPTOP-0H2UAF0N" name="com.webtest.demo.Admin_Set" tests="7" failures="0" timestamp="2020-11-23T10:38:27 CST" time="87.189" errors="0">
  <testcase name="test46" time="10.358" classname="com.webtest.demo.Admin_Set"/>
  <system-out/>
  <testcase name="test50" time="19.083" classname="com.webtest.demo.Admin_Set"/>
  <system-out/>
  <testcase name="test46" time="10.294" classname="com.webtest.demo.Admin_Set"/>
  <system-out/>
  <testcase name="test47" time="9.733" classname="com.webtest.demo.Admin_Set"/>
  <system-out/>
  <testcase name="test49" time="13.389" classname="com.webtest.demo.Admin_Set"/>
  <system-out/>
  <testcase name="test48" time="13.855" classname="com.webtest.demo.Admin_Set"/>
  <system-out/>
  <testcase name="test46" time="10.477" classname="com.webtest.demo.Admin_Set"/>
  <system-out/>
</testsuite> <!-- com.webtest.demo.Admin_Set -->
