<?xml version="1.0" encoding="UTF-8"?>
<!-- Generated by org.testng.reporters.JUnitReportReporter -->
<testsuite skipped="0" hostname="LAPTOP-0H2UAF0N" name="com.webtest.dataprovider.ExcelDataProvider" tests="1" failures="0" timestamp="2020-11-20T15:17:00 CST" time="0.476" errors="0">
  <testcase name="data" time="0.476" classname="com.webtest.dataprovider.ExcelDataProvider"/>
  <system-out/>
</testsuite> <!-- com.webtest.dataprovider.ExcelDataProvider -->
