<?xml version="1.0" encoding="UTF-8"?>
<!-- Generated by org.testng.reporters.JUnitReportReporter -->
<testsuite skipped="0" hostname="chengzi" name="com.xyc.test.LoginTest" tests="9" failures="0" timestamp="2020-11-18T16:44:36 CST" time="76.914" errors="0">
  <testcase name="loginTest1" time="8.426" classname="com.xyc.test.LoginTest"/>
  <system-out>
用户名错误！  </system-out>
  <testcase name="loginTest2" time="7.554" classname="com.xyc.test.LoginTest"/>
  <system-out>
用户名错误！  </system-out>
  <testcase name="loginTest3" time="7.376" classname="com.xyc.test.LoginTest"/>
  <system-out>
用户名错误！  </system-out>
  <testcase name="loginTest4" time="7.363" classname="com.xyc.test.LoginTest"/>
  <system-out>
用户名错误！  </system-out>
  <testcase name="loginTest5" time="7.483" classname="com.xyc.test.LoginTest"/>
  <system-out>
用户名错误！  </system-out>
  <testcase name="loginTest6" time="8.048" classname="com.xyc.test.LoginTest"/>
  <system-out>
用户名错误！  </system-out>
  <testcase name="loginTest7" time="7.435" classname="com.xyc.test.LoginTest"/>
  <system-out>
用户名错误！  </system-out>
  <testcase name="loginTest8" time="7.783" classname="com.xyc.test.LoginTest"/>
  <system-out>
用户名错误！  </system-out>
  <testcase name="loginTest9" time="15.446" classname="com.xyc.test.LoginTest"/>
  <system-out>
登陆成功!  </system-out>
</testsuite> <!-- com.xyc.test.LoginTest -->
