<?xml version="1.0" encoding="UTF-8"?>
<!-- Generated by org.testng.reporters.JUnitReportReporter -->
<testsuite skipped="0" hostname="chengzi" name="com.xyc.test.AddTextKind" tests="3" failures="0" timestamp="2020-11-22T14:15:20 CST" time="42.344" errors="0">
  <testcase name="AddKind1" time="15.217" classname="com.xyc.test.AddTextKind"/>
  <system-out/>
  <testcase name="AddKind2" time="13.357" classname="com.xyc.test.AddTextKind"/>
  <system-out/>
  <testcase name="AddKind3" time="13.770" classname="com.xyc.test.AddTextKind"/>
  <system-out/>
</testsuite> <!-- com.xyc.test.AddTextKind -->
