<?xml version="1.0" encoding="UTF-8"?>
<!-- Generated by org.testng.reporters.JUnitReportReporter -->
<testsuite skipped="0" hostname="chengzi" name="com.xyc.test.HomeTest" tests="3" failures="0" timestamp="2020-11-19T11:13:38 CST" time="49.448" errors="0">
  <testcase name="addAtrticle1" time="16.548" classname="com.xyc.test.HomeTest"/>
  <system-out/>
  <testcase name="addAtrticle2" time="15.945" classname="com.xyc.test.HomeTest"/>
  <system-out/>
  <testcase name="addAtrticle3" time="16.955" classname="com.xyc.test.HomeTest"/>
  <system-out/>
</testsuite> <!-- com.xyc.test.HomeTest -->
